<?xml version="1.0" encoding="UTF-8"?>
<!-- Generated by org.testng.reporters.JUnitReportReporter -->
<testsuite hostname="DESKTOP-JVC9KT4" failures="0" tests="1" name="com.authentise.calculator.testcases.TestcaseTwo" time="10.429" errors="0" timestamp="2023-02-04T14:55:09 GMT" skipped="0">
  <testcase classname="com.authentise.calculator.testcases.TestcaseTwo" name="weightConversionTest" time="10.429"/>
  <system-out/>
</testsuite> <!-- com.authentise.calculator.testcases.TestcaseTwo -->
