<?xml version="1.0" encoding="UTF-8"?>
<!-- Generated by org.testng.reporters.JUnitReportReporter -->
<testsuite hostname="DESKTOP-JVC9KT4" failures="0" tests="1" name="com.authentise.calculator.testcases.TestcaseOne" time="8.934" errors="0" timestamp="2023-02-04T14:32:36 GMT" skipped="0">
  <testcase classname="com.authentise.calculator.testcases.TestcaseOne" name="testLengthConversion" time="8.934"/>
  <system-out/>
</testsuite> <!-- com.authentise.calculator.testcases.TestcaseOne -->
